<?xml version="1.0" encoding="UTF-8"?>
<testsuite name="pack1.TestTri" tests="8" skipped="0" failures="0" errors="0" timestamp="2015-11-21T19:01:02" hostname="PC-Alan" time="0.024">
  <properties/>
  <testcase name="testTrier1" classname="pack1.TestTri" time="0.006"/>
  <testcase name="testTrier2" classname="pack1.TestTri" time="0.001"/>
  <testcase name="testTrier3" classname="pack1.TestTri" time="0.001"/>
  <testcase name="testTrier4" classname="pack1.TestTri" time="0.0"/>
  <testcase name="testTrier1" classname="pack1.TestTri" time="0.001"/>
  <testcase name="testTrier2" classname="pack1.TestTri" time="0.0"/>
  <testcase name="testTrier3" classname="pack1.TestTri" time="0.0"/>
  <testcase name="testTrier4" classname="pack1.TestTri" time="0.0"/>
  <system-out><![CDATA[]]></system-out>
  <system-err><![CDATA[]]></system-err>
</testsuite>
