<?xml version="1.0" encoding="UTF-8"?>
<testsuite name="pack1.TestRecherche" tests="8" skipped="0" failures="0" errors="0" timestamp="2015-11-21T19:01:02" hostname="PC-Alan" time="0.044">
  <properties/>
  <testcase name="testTrouve1" classname="pack1.TestRecherche" time="0.001"/>
  <testcase name="testTrouve2" classname="pack1.TestRecherche" time="0.001"/>
  <testcase name="testGetter" classname="pack1.TestRecherche" time="0.0"/>
  <testcase name="testTrouvePas" classname="pack1.TestRecherche" time="0.0"/>
  <testcase name="testTrouve1" classname="pack1.TestRecherche" time="0.001"/>
  <testcase name="testTrouve2" classname="pack1.TestRecherche" time="0.001"/>
  <testcase name="testGetter" classname="pack1.TestRecherche" time="0.002"/>
  <testcase name="testTrouvePas" classname="pack1.TestRecherche" time="0.001"/>
  <system-out><![CDATA[TrouvÃ©!
Nombre d'occurences: 1
TrouvÃ©!
Nombre d'occurences: 1
aucune occurence
TrouvÃ©!
Nombre d'occurences: 1
TrouvÃ©!
Nombre d'occurences: 1
aucune occurence
]]></system-out>
  <system-err><![CDATA[]]></system-err>
</testsuite>
